[info]	[app.js]	[11:28:05	Server is Running on Port  http://localhost:7000/]
[info]	[app.js]	[11:28:05	Database is Connected Succesfully]
[error]	[userServices]	[11:31:54	data could not be updated]
[info]	[app.js]	[12:30:51	Server is Running on Port  http://localhost:7000/]
[info]	[app.js]	[12:30:51	Database is Connected Succesfully]
[error]	[userServices]	[12:33:59	NFT collection is not create Somthing wants to wrong]
[info]	[app.js]	[12:34:20	Server is Running on Port  http://localhost:7000/]
[info]	[app.js]	[12:34:20	Database is Connected Succesfully]
[error]	[userServices]	[12:34:23	NFT collection is not create Somthing wants to wrong nftcollection is not defined]
[info]	[app.js]	[12:35:06	Server is Running on Port  http://localhost:7000/]
[info]	[app.js]	[12:35:06	Database is Connected Succesfully]
[error]	[nftServices]	[12:35:13	NFT collection is not create Somthing wants to wrong]
[info]	[app.js]	[12:35:52	Server is Running on Port  http://localhost:7000/]
[info]	[app.js]	[12:35:52	Database is Connected Succesfully]
[info]	[nftServices]	[12:35:54	Create NFT Collection is successfully]
[info]	[app.js]	[12:59:13	Server is Running on Port  http://localhost:7000/]
[info]	[app.js]	[12:59:13	Database is Connected Succesfully]
[error]	[nftServices]	[12:59:36	NFT collection is not create Somthing wants to wrong]
[info]	[app.js]	[13:00:09	Server is Running on Port  http://localhost:7000/]
[info]	[app.js]	[13:00:09	Database is Connected Succesfully]
[error]	[nftServices]	[13:00:16	NFT collection is not create Somthing wants to wrong]
[error]	[nftServices]	[13:00:31	NFT collection is not create Somthing wants to wrong]
[error]	[nftServices]	[13:00:38	NFT collection is not create Somthing wants to wrong]
[error]	[nftServices]	[13:00:46	NFT collection is not create Somthing wants to wrong]
[error]	[nftServices]	[13:00:47	NFT collection is not create Somthing wants to wrong]
[info]	[app.js]	[13:00:59	Server is Running on Port  http://localhost:7000/]
[info]	[app.js]	[13:00:59	Database is Connected Succesfully]
[error]	[nftServices]	[13:03:26	NFT collection is not create Somthing wants to wrong]
[info]	[app.js]	[13:06:48	Server is Running on Port  http://localhost:7000/]
[info]	[app.js]	[13:06:48	Database is Connected Succesfully]
[info]	[app.js]	[13:07:07	Server is Running on Port  http://localhost:7000/]
[info]	[app.js]	[13:07:07	Database is Connected Succesfully]
[info]	[app.js]	[13:07:41	Server is Running on Port  http://localhost:7000/]
[info]	[app.js]	[13:07:42	Database is Connected Succesfully]
[info]	[app.js]	[13:08:34	Server is Running on Port  http://localhost:7000/]
[info]	[app.js]	[13:08:34	Database is Connected Succesfully]
[info]	[app.js]	[13:09:03	Server is Running on Port  http://localhost:7000/]
[info]	[app.js]	[13:09:03	Database is Connected Succesfully]
[error]	[nftServices]	[13:09:08	nft is not created something went to wrong]
[info]	[app.js]	[13:09:28	Server is Running on Port  http://localhost:7000/]
[info]	[app.js]	[13:09:28	Database is Connected Succesfully]
[error]	[nftServices]	[13:09:30	nft is not created something went to wrong]
[info]	[app.js]	[13:11:16	Server is Running on Port  http://localhost:7000/]
[info]	[app.js]	[13:11:16	Database is Connected Succesfully]
[info]	[app.js]	[13:11:48	Server is Running on Port  http://localhost:7000/]
[info]	[app.js]	[13:11:48	Database is Connected Succesfully]
[info]	[app.js]	[13:13:26	Server is Running on Port  http://localhost:7000/]
[info]	[app.js]	[13:13:26	Database is Connected Succesfully]
[error]	[nftServices]	[13:13:28	nft is not created something went to wrong]
[info]	[app.js]	[13:13:40	Server is Running on Port  http://localhost:7000/]
[info]	[app.js]	[13:13:40	Database is Connected Succesfully]
[error]	[nftServices]	[13:13:46	nft is not created something went to wrong]
[info]	[nftServices]	[13:14:21	NFT is successfully created]
[info]	[app.js]	[13:14:46	Server is Running on Port  http://localhost:7000/]
[info]	[app.js]	[13:14:46	Database is Connected Succesfully]
[info]	[nftServices]	[13:15:31	Create NFT Collection is successfully]
[info]	[nftServices]	[13:15:44	NFT is successfully created]
[info]	[nftServices]	[13:16:27	NFT is successfully created]
[info]	[app.js]	[10:26:51	Server is Running on Port  http://localhost:7000/]
[info]	[app.js]	[10:26:51	Database is Connected Succesfully]
[info]	[app.js]	[10:29:32	Server is Running on Port  http://localhost:7000/]
[info]	[app.js]	[10:29:32	Database is Connected Succesfully]
[info]	[app.js]	[10:29:53	Server is Running on Port  http://localhost:7000/]
[info]	[app.js]	[10:29:53	Database is Connected Succesfully]
[error]	[authUser]	[10:29:57	user is not create something went to wrong ]
[info]	[app.js]	[10:30:16	Server is Running on Port  http://localhost:7000/]
[info]	[app.js]	[10:30:16	Database is Connected Succesfully]
[error]	[authUser]	[10:30:18	user is not create something went to wrong ]
[info]	[app.js]	[10:31:06	Server is Running on Port  http://localhost:7000/]
[info]	[app.js]	[10:31:06	Database is Connected Succesfully]
[info]	[authUser]	[10:31:09	user is successfuly created]
[info]	[app.js]	[10:32:55	Server is Running on Port  http://localhost:7000/]
[info]	[app.js]	[10:32:55	Database is Connected Succesfully]
