[info]	[app.js]	[10:55:34	Server is Running on Port  http://localhost:7000/]
[info]	[app.js]	[10:55:34	Database is Connected Succesfully]
[info]	[app.js]	[11:04:25	Server is Running on Port  http://localhost:7000/]
[info]	[app.js]	[11:26:59	Server is Running on Port  http://localhost:7000/]
[info]	[app.js]	[11:26:59	Database is Connected Succesfully]
[info]	[app.js]	[12:12:21	Server is Running on Port  http://localhost:7000/]
[info]	[app.js]	[12:12:21	Database is Connected Succesfully]
[info]	[app.js]	[12:13:29	Server is Running on Port  http://localhost:7000/]
[info]	[app.js]	[12:13:29	Database is Connected Succesfully]
[info]	[app.js]	[12:14:41	Server is Running on Port  http://localhost:7000/]
[info]	[app.js]	[12:14:41	Database is Connected Succesfully]
[info]	[app.js]	[12:16:34	Server is Running on Port  http://localhost:7000/]
[info]	[app.js]	[12:16:34	Database is Connected Succesfully]
[info]	[app.js]	[12:17:10	Server is Running on Port  http://localhost:7000/]
[info]	[app.js]	[12:17:10	Database is Connected Succesfully]
[info]	[app.js]	[12:39:05	Server is Running on Port  http://localhost:7000/]
[info]	[app.js]	[12:39:05	Database is Connected Succesfully]
[info]	[app.js]	[12:45:17	Server is Running on Port  http://localhost:7000/]
[info]	[app.js]	[12:45:17	Database is Connected Succesfully]
[info]	[app.js]	[12:47:42	Server is Running on Port  http://localhost:7000/]
[info]	[app.js]	[12:47:42	Database is Connected Succesfully]
[info]	[app.js]	[15:01:50	Server is Running on Port  http://localhost:7000/]
[info]	[app.js]	[15:01:50	Database is Connected Succesfully]
[info]	[app.js]	[15:17:55	Server is Running on Port  http://localhost:7000/]
[info]	[app.js]	[15:17:55	Database is Connected Succesfully]
[info]	[app.js]	[15:18:11	Server is Running on Port  http://localhost:7000/]
[info]	[app.js]	[15:18:11	Database is Connected Succesfully]
[info]	[app.js]	[15:27:51	Server is Running on Port  http://localhost:7000/]
[info]	[app.js]	[15:27:51	Database is Connected Succesfully]
[info]	[app.js]	[15:54:13	Server is Running on Port  http://localhost:7000/]
[info]	[app.js]	[15:54:13	Database is Connected Succesfully]
[info]	[app.js]	[09:16:20	Server is Running on Port  http://localhost:7000/]
[info]	[app.js]	[09:16:20	Database is Connected Succesfully]
[info]	[app.js]	[09:22:13	Server is Running on Port  http://localhost:7000/]
[info]	[app.js]	[09:22:13	Database is Connected Succesfully]
[error]	[userServices]	[09:22:16	data could not be updated]
[info]	[app.js]	[10:30:27	Server is Running on Port  http://localhost:7000/]
[error]	[app.js]	[10:30:57	Error is Occuring on Database]
[info]	[app.js]	[10:31:48	Server is Running on Port  http://localhost:7000/]
[info]	[app.js]	[10:32:07	Database is Connected Succesfully]
[error]	[userServices]	[10:32:30	500: Error Message : ReferenceError: final is not defined]
[info]	[app.js]	[10:33:39	Server is Running on Port  http://localhost:7000/]
[info]	[app.js]	[10:33:58	Database is Connected Succesfully]
[info]	[app.js]	[10:57:08	Database is Connected Succesfully]
